<?xml version="1.0" encoding="UTF-8"?>
<!-- Generated by org.testng.reporters.JUnitReportReporter -->
<testsuite skipped="0" hostname="EPINHYDW0BF5" name="testRunnerClass.TestWikiPediaSearch" tests="2" failures="0" timestamp="2022-12-21T11:58:26 IST" time="5.428" errors="0">
  <testcase name="testCountrySearc" time="2.420" classname="testRunnerClass.TestWikiPediaSearch"/>
  <system-out/>
  <testcase name="testCountrySearc" time="3.008" classname="testRunnerClass.TestWikiPediaSearch"/>
  <system-out/>
</testsuite> <!-- testRunnerClass.TestWikiPediaSearch -->
